#
# A fatal error has been detected by the Java Runtime Environment:
#
#  SIGBUS (0xa) at pc=0x0000000148767d20, pid=90079, tid=259
#
# JRE version: OpenJDK Runtime Environment Temurin-17.0.8.1+1 (17.0.8.1+1) (build 17.0.8.1+1)
# Java VM: OpenJDK 64-Bit Server VM Temurin-17.0.8.1+1 (17.0.8.1+1, mixed mode, tiered, compressed oops, compressed class ptrs, g1 gc, bsd-aarch64)
# Problematic frame:
# C  0x0000000148767d20
#
# No core dump will be written. Core dumps have been disabled. To enable core dumping, try "ulimit -c unlimited" before starting Java again
#
# If you would like to submit a bug report, please visit:
#   https://github.com/adoptium/adoptium-support/issues
# The crash happened outside the Java Virtual Machine in native code.
# See problematic frame for where to report the bug.
#

---------------  S U M M A R Y ------------

Command Line: -agentlib:jdwp=transport=dt_socket,server=n,suspend=y,address=localhost:62601 -Djava.library.path=/Users/edan/FRC Repos/2024-Crescendo-Offseason/build/jni/release -XX:+ShowCodeDetailsInExceptionMessages frc.robot.Main

Host: "Mac14,2" arm64, 8 cores, 8G, Darwin 23.2.0, macOS 14.2.1 (23C71)
Time: Sat Jun 15 12:46:15 2024 EDT elapsed time: 23.912808 seconds (0d 0h 0m 23s)

---------------  T H R E A D  ---------------

Current thread (0x000000014a012400):  JavaThread "main"