#
# A fatal error has been detected by the Java Runtime Environment:
#
#  SIGSEGV (0xb) at pc=0x000000012c1b9b70, pid=93401, tid=259
#
# JRE version: OpenJDK Runtime Environment Temurin-17.0.8.1+1 (17.0.8.1+1) (build 17.0.8.1+1)
# Java VM: OpenJDK 64-Bit Server VM Temurin-17.0.8.1+1 (17.0.8.1+1, mixed mode, tiered, compressed oops, compressed class ptrs, g1 gc, bsd-aarch64)
# Problematic frame:
# C  [libhalsim_gui.dylib+0x1db70]  std::__1::__function::__func<halsimgui::NetworkTablesSimGui::Initialize()::$_0, std::__1::allocator<halsimgui::NetworkTablesSimGui::Initialize()::$_0>, void ()>::operator()()+0x8
#
# No core dump will be written. Core dumps have been disabled. To enable core dumping, try "ulimit -c unlimited" before starting Java again
#
# If you would like to submit a bug report, please visit:
#   https://github.com/adoptium/adoptium-support/issues
# The crash happened outside the Java Virtual Machine in native code.
# See problematic frame for where to report the bug.
#

---------------  S U M M A R Y ------------

Command Line: -agentlib:jdwp=transport=dt_socket,server=n,suspend=y,address=localhost:56749 -Djava.library.path=/Users/edan/FRC Repos/2024-Crescendo-Offseason/build/jni/release -XX:+ShowCodeDetailsInExceptionMessages frc.robot.Main

Host: "Mac14,2" arm64, 8 cores, 8G, Darwin 23.2.0, macOS 14.2.1 (23C71)
Time: Sat Jun 15 14:55:31 2024 EDT elapsed time: 36.972835 seconds (0d 0h 0m 36s)

---------------  T H R E A D  ---------------

Current thread (0x000000015c008e00):  JavaThread "main" [_thread_in_native, id=259, stack(0x000000016f368000,0x000000016fb64000)]

Stack: [0x000000016f368000,0x000000016fb64000],  sp=0x000000016fb60890,  free space=8162k
Native frames: (J=compiled Java code, j=interpreted, Vv=VM code, C=native code)
C  [libhalsim_gui.dylib+0x1db70]  std::__1::__function::__func<halsimgui::NetworkTablesSimGui::Initialize()::$_0, std::__1::allocator<halsimgui::NetworkTablesSimGui::Initialize()::$_0>, void ()>::operator()()+0x8
