#
# A fatal error has been detected by the Java Runtime Environment:
#
#  SIGSEGV (0xb) at pc=0x000000015001db70, pid=27610, tid=259
#
# JRE version: OpenJDK Runtime Environment Temurin-17.0.8.1+1 (17.0.8.1+1) (build 17.0.8.1+1)
# Java VM: OpenJDK 64-Bit Server VM Temurin-17.0.8.1+1 (17.0.8.1+1, mixed mode, tiered, compressed oops, compressed class ptrs, g1 gc, bsd-aarch64)
# Problematic frame:
# C  [libhalsim_gui.dylib+0x1db70]  std::__1::__function::__func<halsimgui::NetworkTablesSimGui::Initialize()::$_0, std::__1::allocator<halsimgui::NetworkTablesSimGui::Initialize()::$_0>, void ()>::operator()()+0x8
#
# No core dump will be written. Core dumps have been disabled. To enable core dumping, try "ulimit -c unlimited" before starting Java again
#
# If you would like to submit a bug report, please visit:
#   https://github.com/adoptium/adoptium-support/issues
# The crash happened outside the Java Virtual Machine in native code.
# See problematic frame for where to report the bug.
#

---------------  S U M M A R Y ------------

Command Line: -agentlib:jdwp=transport=dt_socket,server=n,suspend=y,address=localhost:60479 -Djava.library.path=/Users/edan/FRC Repos/2024-Crescendo-Offseason/build/jni/release -XX:+ShowCodeDetailsInExceptionMessages frc.robot.Main

Host: "Mac14,2" arm64, 8 cores, 8G, Darwin 23.2.0, macOS 14.2.1 (23C71)
Time: Mon Jul 15 19:35:50 2024 EDT elapsed time: 165.029924 seconds (0d 0h 2m 45s)

---------------  T H R E A D  ---------------

Current thread (0x000000012b01a000):  JavaThread "main" [_thread_in_native, id=259, stack(0x000000016d0f0000,0x000000016d8ec000)]

Stack: [0x000000016d0f0000,0x000000016d8ec000],  sp=0x000000016d8e8890,  free space=8162k
Native frames: (J=compiled Java code, j=interpreted, Vv=VM code, C=native code)
C  [libhalsim_gui.dylib+0x1db70]  std::__1::__function::__func<halsimgui::NetworkTablesSimGui::Initialize()::$_0, std::__1::allocator<halsimgui::NetworkTablesSimGui::Initialize()::$_0>, void ()>::operator()()+0x8
C  [libhalsim_gui.dylib+0xa5edc]  wpi::gui::PlatformRenderFrame()+0x254
C  [libhalsim_gui.dylib+0x94f48]  wpi::gui::Main()+0x170
C  [libhalsim_gui.dylib+0x1d24c]  HALSIM_InitExtension::$_3::__invoke(void*)+0xc
j  edu.wpi.first.hal.HAL.runMain()V+0
j  edu.wpi.first.wpilibj.RobotBase.startRobot(Ljava/util/function/Supplier;)V+82
j  frc.robot.Main.main([Ljava/lang/String;)V+5
v  ~StubRoutines::call_stub
V  [libjvm.dylib+0x470fb0]  JavaCalls::call_helper(JavaValue*, methodHandle const&, JavaCallArguments*, JavaThread*)+0x38c
V  [libjvm.dylib+0x4d62bc]  jni_invoke_static(JNIEnv_*, JavaValue*, _jobject*, JNICallType, _jmethodID*, JNI_ArgumentPusher*, JavaThread*)+0x12c
V  [libjvm.dylib+0x4d98e8]  jni_CallStaticVoidMethod+0x130
C  [libjli.dylib+0x54ac]  JavaMain+0x9d4
C  [libjli.dylib+0x7a64]  __JVMInit_block_invoke+0x50
